<?xml version="1.0" encoding="UTF-8"?>
<!-- Generated by org.testng.reporters.JUnitReportReporter -->
<testsuite hostname="LTIN469231" failures="0" tests="1" name="Default.Demo" time="6.531" errors="0" timestamp="2024-10-23T12:19:59 IST" skipped="0">
  <testcase classname="Default.Demo" name="login" time="6.531"/>
  <system-out/>
</testsuite> <!-- Default.Demo -->
